**********************
PowerShell transcript start
Start time: 20200907210843
Username: 0ed4fc919da6\root
RunAs User: 0ed4fc919da6\root
Configuration Name: 
Machine: 0ed4fc919da6 (Unix 5.4.0.45)
Host Application: /opt/microsoft/powershell/7/pwsh.dll ./scripts/videoindexer.ps1 -type create
Process ID: 3197
PSVersion: 7.0.3
PSEdition: Core
GitCommitId: 7.0.3
OS: Linux 5.4.0-45-generic #49-Ubuntu SMP Wed Aug 26 13:38:52 UTC 2020
Platform: Unix
PSCompatibleVersions: 1.0, 2.0, 3.0, 4.0, 5.0, 5.1.10032.0, 6.0.0, 6.1.0, 6.2.0, 7.0.3
PSRemotingProtocolVersion: 2.3
SerializationVersion: 1.1.0.1
WSManStackVersion: 3.0
**********************
Transcript started, output file is ./videoindexer.create.log
True
Starting create
Get User access token https://api.videoindexer.ai/Auth/northeurope/Users/me/AccessToken?allowEdit=true
{"cName":"lagripp-66cb77","description":"","createTime":"2020-09-07T21:08:46.1907344","owners":[{"id":"b52d60ba-7529-47f9-b48c-15bafec5e2dd","name":"Lawrence Gripper","email":"lagripp@microsoft.com","provider":"MicrosoftCorpAad"}],"contributors":[],"invitedContributors":[],"readers":[],"invitedReaders":[],"state":"Active","isPaid":true,"amsResource":"mediastorzssda","amsAadConnectionApplicationId":"54739599-0af6-4a7f-a031-f0ce34e05c08","id":"66cb7741-4d4f-4cb9-b986-81edcddbc051","name":"lagripp-66cb77","location":"northeurope","accountType":"Paid","url":"https://www.videoindexer.ai/","accessToken":null}
Starting read
{
  "id": "66cb7741-4d4f-4cb9-b986-81edcddbc051",
  "name": "lagripp-66cb77",
  "location": "northeurope",
  "accountType": "Paid",
  "url": "https://www.videoindexer.ai/",
  "accessToken": null
}
PS>$global:?
True
**********************
PowerShell transcript end
End time: 20200907210848
**********************
